# JRE version: Java(TM) SE Runtime Environment (8.0_91-b15) (build 1.8.0_91-b15)
# Java VM: Java HotSpot(TM) Client VM (25.91-b15 mixed mode windows-x86 )
Heap:
 def new generation   total 5184K, used 2699K [0x04800000, 0x04d90000, 0x09d50000)
  eden space 4672K,  53% used [0x04800000, 0x04a6e0c0, 0x04c90000)
  from space 512K,  41% used [0x04c90000, 0x04cc4bc8, 0x04d10000)
  to   space 512K,   0% used [0x04d10000, 0x04d10000, 0x04d90000)
 tenured generation   total 21128K, used 20580K [0x09d50000, 0x0b1f2000, 0x14800000)
   the space 21128K,  97% used [0x09d50000, 0x0b1691b0, 0x0b169200, 0x0b1f2000)
 Metaspace       used 9830K, capacity 10070K, committed 10112K, reserved 10624K
GC Heap History (10 events):
Event: 0.508 GC heap before
{Heap before GC invocations=2 (full 0):
 def new generation   total 4928K, used 4692K [0x04800000, 0x04d50000, 0x09d50000)
  eden space 4416K,  99% used [0x04800000, 0x04c4fdb8, 0x04c50000)
  from space 512K,  54% used [0x04c50000, 0x04c95498, 0x04cd0000)
  to   space 512K,   0% used [0x04cd0000, 0x04cd0000, 0x04d50000)
 tenured generation   total 10944K, used 1533K [0x09d50000, 0x0a800000, 0x14800000)
   the space 10944K,  14% used [0x09d50000, 0x09ecf568, 0x09ecf600, 0x0a800000)
 Metaspace       used 6942K, capacity 7142K, committed 7168K, reserved 7552K
Event: 0.512 GC heap after
Heap after GC invocations=3 (full 0):
 def new generation   total 4928K, used 1K [0x04800000, 0x04d50000, 0x09d50000)
  eden space 4416K,   0% used [0x04800000, 0x04800000, 0x04c50000)
  from space 512K,   0% used [0x04cd0000, 0x04cd04b8, 0x04d50000)
  to   space 512K,   0% used [0x04c50000, 0x04c50000, 0x04cd0000)
 tenured generation   total 10944K, used 5958K [0x09d50000, 0x0a800000, 0x14800000)
   the space 10944K,  54% used [0x09d50000, 0x0a321808, 0x0a321a00, 0x0a800000)
 Metaspace       used 6942K, capacity 7142K, committed 7168K, reserved 7552K
}
Event: 0.627 GC heap before
{Heap before GC invocations=3 (full 0):
 def new generation   total 4928K, used 4417K [0x04800000, 0x04d50000, 0x09d50000)
  eden space 4416K, 100% used [0x04800000, 0x04c50000, 0x04c50000)
  from space 512K,   0% used [0x04cd0000, 0x04cd04b8, 0x04d50000)
  to   space 512K,   0% used [0x04c50000, 0x04c50000, 0x04cd0000)
 tenured generation   total 10944K, used 5958K [0x09d50000, 0x0a800000, 0x14800000)
   the space 10944K,  54% used [0x09d50000, 0x0a321808, 0x0a321a00, 0x0a800000)
 Metaspace       used 7567K, capacity 7755K, committed 7808K, reserved 8576K
Event: 0.629 GC heap after
Heap after GC invocations=4 (full 0):
 def new generation   total 4928K, used 195K [0x04800000, 0x04d50000, 0x09d50000)
  eden space 4416K,   0% used [0x04800000, 0x04800000, 0x04c50000)
  from space 512K,  38% used [0x04c50000, 0x04c80d18, 0x04cd0000)
  to   space 512K,   0% used [0x04cd0000, 0x04cd0000, 0x04d50000)
 tenured generation   total 10944K, used 5958K [0x09d50000, 0x0a800000, 0x14800000)
   the space 10944K,  54% used [0x09d50000, 0x0a321808, 0x0a321a00, 0x0a800000)
 Metaspace       used 7567K, capacity 7755K, committed 7808K, reserved 8576K
}
Event: 0.737 GC heap before
{Heap before GC invocations=4 (full 0):
 def new generation   total 4928K, used 2593K [0x04800000, 0x04d50000, 0x09d50000)
  eden space 4416K,  54% used [0x04800000, 0x04a57a80, 0x04c50000)
  from space 512K,  38% used [0x04c50000, 0x04c80d18, 0x04cd0000)
  to   space 512K,   0% used [0x04cd0000, 0x04cd0000, 0x04d50000)
 tenured generation   total 10944K, used 5958K [0x09d50000, 0x0a800000, 0x14800000)
   the space 10944K,  54% used [0x09d50000, 0x0a321808, 0x0a321a00, 0x0a800000)
 Metaspace       used 8414K, capacity 8659K, committed 8704K, reserved 9600K
Event: 0.747 GC heap after
Heap after GC invocations=5 (full 1):
 def new generation   total 5184K, used 0K [0x04800000, 0x04d90000, 0x09d50000)
  eden space 4672K,   0% used [0x04800000, 0x04800000, 0x04c90000)
  from space 512K,   0% used [0x04c90000, 0x04c90000, 0x04d10000)
  to   space 512K,   0% used [0x04d10000, 0x04d10000, 0x04d90000)
 tenured generation   total 11360K, used 6815K [0x09d50000, 0x0a868000, 0x14800000)
   the space 11360K,  59% used [0x09d50000, 0x0a3f7fe0, 0x0a3f8000, 0x0a868000)
 Metaspace       used 8414K, capacity 8659K, committed 8704K, reserved 9600K
}
Event: 1.895 GC heap before
{Heap before GC invocations=5 (full 1):
 def new generation   total 5184K, used 2069K [0x04800000, 0x04d90000, 0x09d50000)
  eden space 4672K,  44% used [0x04800000, 0x04a05708, 0x04c90000)
  from space 512K,   0% used [0x04c90000, 0x04c90000, 0x04d10000)
  to   space 512K,   0% used [0x04d10000, 0x04d10000, 0x04d90000)
 tenured generation   total 21128K, used 16581K [0x09d50000, 0x0b1f2000, 0x14800000)
   the space 21128K,  78% used [0x09d50000, 0x0ad81670, 0x0ad81800, 0x0b1f2000)
 Metaspace       used 8944K, capacity 9171K, committed 9216K, reserved 9600K
Event: 1.898 GC heap after
Heap after GC invocations=6 (full 1):
 def new generation   total 5184K, used 332K [0x04800000, 0x04d90000, 0x09d50000)
  eden space 4672K,   0% used [0x04800000, 0x04800000, 0x04c90000)
  from space 512K,  65% used [0x04d10000, 0x04d633c0, 0x04d90000)
  to   space 512K,   0% used [0x04c90000, 0x04c90000, 0x04d10000)
 tenured generation   total 21128K, used 16581K [0x09d50000, 0x0b1f2000, 0x14800000)
   the space 21128K,  78% used [0x09d50000, 0x0ad81670, 0x0ad81800, 0x0b1f2000)
 Metaspace       used 8944K, capacity 9171K, committed 9216K, reserved 9600K
}
Event: 3.341 GC heap before
{Heap before GC invocations=6 (full 1):
 def new generation   total 5184K, used 4995K [0x04800000, 0x04d90000, 0x09d50000)
  eden space 4672K,  99% used [0x04800000, 0x04c8d868, 0x04c90000)
  from space 512K,  65% used [0x04d10000, 0x04d633c0, 0x04d90000)
  to   space 512K,   0% used [0x04c90000, 0x04c90000, 0x04d10000)
 tenured generation   total 21128K, used 16581K [0x09d50000, 0x0b1f2000, 0x14800000)
   the space 21128K,  78% used [0x09d50000, 0x0ad81670, 0x0ad81800, 0x0b1f2000)
 Metaspace       used 9231K, capacity 9459K, committed 9600K, reserved 9600K
Event: 3.345 GC heap after
Heap after GC invocations=7 (full 1):
 def new generation   total 5184K, used 210K [0x04800000, 0x04d90000, 0x09d50000)
  eden space 4672K,   0% used [0x04800000, 0x04800000, 0x04c90000)
  from space 512K,  41% used [0x04c90000, 0x04cc4bc8, 0x04d10000)
  to   space 512K,   0% used [0x04d10000, 0x04d10000, 0x04d90000)
 tenured generation   total 21128K, used 20580K [0x09d50000, 0x0b1f2000, 0x14800000)
   the space 21128K,  97% used [0x09d50000, 0x0b1691b0, 0x0b169200, 0x0b1f2000)
 Metaspace       used 9231K, capacity 9459K, committed 9600K, reserved 9600K
}

