# JRE version: Java(TM) SE Runtime Environment (8.0_91-b15) (build 1.8.0_91-b15)
# Java VM: Java HotSpot(TM) Client VM (25.91-b15 mixed mode windows-x86 )
Heap:
 def new generation   total 5184K, used 1587K [0x04800000, 0x04d90000, 0x09d50000)
  eden space 4672K,  32% used [0x04800000, 0x04977328, 0x04c90000)
  from space 512K,  16% used [0x04c90000, 0x04ca5a70, 0x04d10000)
  to   space 512K,   0% used [0x04d10000, 0x04d10000, 0x04d90000)
 tenured generation   total 21092K, used 20557K [0x09d50000, 0x0b1e9000, 0x14800000)
   the space 21092K,  97% used [0x09d50000, 0x0b163490, 0x0b163600, 0x0b1e9000)
 Metaspace       used 9285K, capacity 9494K, committed 9600K, reserved 9600K
GC Heap History (10 events):
Event: 0.411 GC heap before
{Heap before GC invocations=2 (full 0):
 def new generation   total 4928K, used 4678K [0x04800000, 0x04d50000, 0x09d50000)
  eden space 4416K,  99% used [0x04800000, 0x04c4fef0, 0x04c50000)
  from space 512K,  51% used [0x04c50000, 0x04c91b78, 0x04cd0000)
  to   space 512K,   0% used [0x04cd0000, 0x04cd0000, 0x04d50000)
 tenured generation   total 10944K, used 1523K [0x09d50000, 0x0a800000, 0x14800000)
   the space 10944K,  13% used [0x09d50000, 0x09eccca8, 0x09ecce00, 0x0a800000)
 Metaspace       used 6825K, capacity 7014K, committed 7040K, reserved 7552K
Event: 0.413 GC heap after
Heap after GC invocations=3 (full 0):
 def new generation   total 4928K, used 1K [0x04800000, 0x04d50000, 0x09d50000)
  eden space 4416K,   0% used [0x04800000, 0x04800000, 0x04c50000)
  from space 512K,   0% used [0x04cd0000, 0x04cd04b8, 0x04d50000)
  to   space 512K,   0% used [0x04c50000, 0x04c50000, 0x04cd0000)
 tenured generation   total 10944K, used 5933K [0x09d50000, 0x0a800000, 0x14800000)
   the space 10944K,  54% used [0x09d50000, 0x0a31b740, 0x0a31b800, 0x0a800000)
 Metaspace       used 6825K, capacity 7014K, committed 7040K, reserved 7552K
}
Event: 0.510 GC heap before
{Heap before GC invocations=3 (full 0):
 def new generation   total 4928K, used 4417K [0x04800000, 0x04d50000, 0x09d50000)
  eden space 4416K, 100% used [0x04800000, 0x04c50000, 0x04c50000)
  from space 512K,   0% used [0x04cd0000, 0x04cd04b8, 0x04d50000)
  to   space 512K,   0% used [0x04c50000, 0x04c50000, 0x04cd0000)
 tenured generation   total 10944K, used 5933K [0x09d50000, 0x0a800000, 0x14800000)
   the space 10944K,  54% used [0x09d50000, 0x0a31b740, 0x0a31b800, 0x0a800000)
 Metaspace       used 7439K, capacity 7627K, committed 7680K, reserved 8576K
Event: 0.512 GC heap after
Heap after GC invocations=4 (full 0):
 def new generation   total 4928K, used 196K [0x04800000, 0x04d50000, 0x09d50000)
  eden space 4416K,   0% used [0x04800000, 0x04800000, 0x04c50000)
  from space 512K,  38% used [0x04c50000, 0x04c812b8, 0x04cd0000)
  to   space 512K,   0% used [0x04cd0000, 0x04cd0000, 0x04d50000)
 tenured generation   total 10944K, used 5933K [0x09d50000, 0x0a800000, 0x14800000)
   the space 10944K,  54% used [0x09d50000, 0x0a31b740, 0x0a31b800, 0x0a800000)
 Metaspace       used 7439K, capacity 7627K, committed 7680K, reserved 8576K
}
Event: 0.611 GC heap before
{Heap before GC invocations=4 (full 0):
 def new generation   total 4928K, used 2592K [0x04800000, 0x04d50000, 0x09d50000)
  eden space 4416K,  54% used [0x04800000, 0x04a56e78, 0x04c50000)
  from space 512K,  38% used [0x04c50000, 0x04c812b8, 0x04cd0000)
  to   space 512K,   0% used [0x04cd0000, 0x04cd0000, 0x04d50000)
 tenured generation   total 10944K, used 5933K [0x09d50000, 0x0a800000, 0x14800000)
   the space 10944K,  54% used [0x09d50000, 0x0a31b740, 0x0a31b800, 0x0a800000)
 Metaspace       used 8270K, capacity 8499K, committed 8576K, reserved 8576K
Event: 0.620 GC heap after
Heap after GC invocations=5 (full 1):
 def new generation   total 5184K, used 0K [0x04800000, 0x04d90000, 0x09d50000)
  eden space 4672K,   0% used [0x04800000, 0x04800000, 0x04c90000)
  from space 512K,   0% used [0x04c90000, 0x04c90000, 0x04d10000)
  to   space 512K,   0% used [0x04d10000, 0x04d10000, 0x04d90000)
 tenured generation   total 11324K, used 6792K [0x09d50000, 0x0a85f000, 0x14800000)
   the space 11324K,  59% used [0x09d50000, 0x0a3f2208, 0x0a3f2400, 0x0a85f000)
 Metaspace       used 8270K, capacity 8499K, committed 8576K, reserved 8576K
}
Event: 1.743 GC heap before
{Heap before GC invocations=5 (full 1):
 def new generation   total 5184K, used 2011K [0x04800000, 0x04d90000, 0x09d50000)
  eden space 4672K,  43% used [0x04800000, 0x049f6fe0, 0x04c90000)
  from space 512K,   0% used [0x04c90000, 0x04c90000, 0x04d10000)
  to   space 512K,   0% used [0x04d10000, 0x04d10000, 0x04d90000)
 tenured generation   total 21092K, used 16558K [0x09d50000, 0x0b1e9000, 0x14800000)
   the space 21092K,  78% used [0x09d50000, 0x0ad7b898, 0x0ad7ba00, 0x0b1e9000)
 Metaspace       used 8823K, capacity 9043K, committed 9088K, reserved 9600K
Event: 1.745 GC heap after
Heap after GC invocations=6 (full 1):
 def new generation   total 5184K, used 332K [0x04800000, 0x04d90000, 0x09d50000)
  eden space 4672K,   0% used [0x04800000, 0x04800000, 0x04c90000)
  from space 512K,  65% used [0x04d10000, 0x04d633d0, 0x04d90000)
  to   space 512K,   0% used [0x04c90000, 0x04c90000, 0x04d10000)
 tenured generation   total 21092K, used 16558K [0x09d50000, 0x0b1e9000, 0x14800000)
   the space 21092K,  78% used [0x09d50000, 0x0ad7b898, 0x0ad7ba00, 0x0b1e9000)
 Metaspace       used 8823K, capacity 9043K, committed 9088K, reserved 9600K
}
Event: 4.612 GC heap before
{Heap before GC invocations=6 (full 1):
 def new generation   total 5184K, used 5004K [0x04800000, 0x04d90000, 0x09d50000)
  eden space 4672K, 100% used [0x04800000, 0x04c90000, 0x04c90000)
  from space 512K,  65% used [0x04d10000, 0x04d633d0, 0x04d90000)
  to   space 512K,   0% used [0x04c90000, 0x04c90000, 0x04d10000)
 tenured generation   total 21092K, used 16558K [0x09d50000, 0x0b1e9000, 0x14800000)
   the space 21092K,  78% used [0x09d50000, 0x0ad7b898, 0x0ad7ba00, 0x0b1e9000)
 Metaspace       used 8968K, capacity 9203K, committed 9344K, reserved 9600K
Event: 4.615 GC heap after
Heap after GC invocations=7 (full 1):
 def new generation   total 5184K, used 86K [0x04800000, 0x04d90000, 0x09d50000)
  eden space 4672K,   0% used [0x04800000, 0x04800000, 0x04c90000)
  from space 512K,  16% used [0x04c90000, 0x04ca5a70, 0x04d10000)
  to   space 512K,   0% used [0x04d10000, 0x04d10000, 0x04d90000)
 tenured generation   total 21092K, used 20557K [0x09d50000, 0x0b1e9000, 0x14800000)
   the space 21092K,  97% used [0x09d50000, 0x0b163490, 0x0b163600, 0x0b1e9000)
 Metaspace       used 8968K, capacity 9203K, committed 9344K, reserved 9600K
}

