# JRE version: Java(TM) SE Runtime Environment (8.0_91-b15) (build 1.8.0_91-b15)
# Java VM: Java HotSpot(TM) Client VM (25.91-b15 mixed mode windows-x86 )
Heap:
 def new generation   total 5184K, used 1815K [0x04800000, 0x04d90000, 0x09d50000)
  eden space 4672K,  27% used [0x04800000, 0x04945c10, 0x04c90000)
  from space 512K, 100% used [0x04d10000, 0x04d90000, 0x04d90000)
  to   space 512K,   0% used [0x04c90000, 0x04c90000, 0x04d10000)
 tenured generation   total 21120K, used 21058K [0x09d50000, 0x0b1f0000, 0x14800000)
   the space 21120K,  99% used [0x09d50000, 0x0b1e0a90, 0x0b1e0c00, 0x0b1f0000)
 Metaspace       used 10170K, capacity 10397K, committed 10496K, reserved 10624K
GC Heap History (10 events):
Event: 0.791 GC heap before
{Heap before GC invocations=3 (full 0):
 def new generation   total 4928K, used 4417K [0x04800000, 0x04d50000, 0x09d50000)
  eden space 4416K, 100% used [0x04800000, 0x04c50000, 0x04c50000)
  from space 512K,   0% used [0x04cd0000, 0x04cd04b8, 0x04d50000)
  to   space 512K,   0% used [0x04c50000, 0x04c50000, 0x04cd0000)
 tenured generation   total 10944K, used 5952K [0x09d50000, 0x0a800000, 0x14800000)
   the space 10944K,  54% used [0x09d50000, 0x0a3202e8, 0x0a320400, 0x0a800000)
 Metaspace       used 7568K, capacity 7755K, committed 7808K, reserved 8576K
Event: 0.792 GC heap after
Heap after GC invocations=4 (full 0):
 def new generation   total 4928K, used 195K [0x04800000, 0x04d50000, 0x09d50000)
  eden space 4416K,   0% used [0x04800000, 0x04800000, 0x04c50000)
  from space 512K,  38% used [0x04c50000, 0x04c80d18, 0x04cd0000)
  to   space 512K,   0% used [0x04cd0000, 0x04cd0000, 0x04d50000)
 tenured generation   total 10944K, used 5952K [0x09d50000, 0x0a800000, 0x14800000)
   the space 10944K,  54% used [0x09d50000, 0x0a3202e8, 0x0a320400, 0x0a800000)
 Metaspace       used 7568K, capacity 7755K, committed 7808K, reserved 8576K
}
Event: 0.875 GC heap before
{Heap before GC invocations=4 (full 0):
 def new generation   total 4928K, used 2594K [0x04800000, 0x04d50000, 0x09d50000)
  eden space 4416K,  54% used [0x04800000, 0x04a57ec8, 0x04c50000)
  from space 512K,  38% used [0x04c50000, 0x04c80d18, 0x04cd0000)
  to   space 512K,   0% used [0x04cd0000, 0x04cd0000, 0x04d50000)
 tenured generation   total 10944K, used 5952K [0x09d50000, 0x0a800000, 0x14800000)
   the space 10944K,  54% used [0x09d50000, 0x0a3202e8, 0x0a320400, 0x0a800000)
 Metaspace       used 8413K, capacity 8659K, committed 8704K, reserved 9600K
Event: 0.885 GC heap after
Heap after GC invocations=5 (full 1):
 def new generation   total 5184K, used 0K [0x04800000, 0x04d90000, 0x09d50000)
  eden space 4672K,   0% used [0x04800000, 0x04800000, 0x04c90000)
  from space 512K,   0% used [0x04c90000, 0x04c90000, 0x04d10000)
  to   space 512K,   0% used [0x04d10000, 0x04d10000, 0x04d90000)
 tenured generation   total 11352K, used 6810K [0x09d50000, 0x0a866000, 0x14800000)
   the space 11352K,  59% used [0x09d50000, 0x0a3f6a60, 0x0a3f6c00, 0x0a866000)
 Metaspace       used 8413K, capacity 8659K, committed 8704K, reserved 9600K
}
Event: 1.988 GC heap before
{Heap before GC invocations=5 (full 1):
 def new generation   total 5184K, used 2043K [0x04800000, 0x04d90000, 0x09d50000)
  eden space 4672K,  43% used [0x04800000, 0x049fed90, 0x04c90000)
  from space 512K,   0% used [0x04c90000, 0x04c90000, 0x04d10000)
  to   space 512K,   0% used [0x04d10000, 0x04d10000, 0x04d90000)
 tenured generation   total 21120K, used 16576K [0x09d50000, 0x0b1f0000, 0x14800000)
   the space 21120K,  78% used [0x09d50000, 0x0ad800f0, 0x0ad80200, 0x0b1f0000)
 Metaspace       used 8944K, capacity 9171K, committed 9216K, reserved 9600K
Event: 1.993 GC heap after
Heap after GC invocations=6 (full 1):
 def new generation   total 5184K, used 332K [0x04800000, 0x04d90000, 0x09d50000)
  eden space 4672K,   0% used [0x04800000, 0x04800000, 0x04c90000)
  from space 512K,  65% used [0x04d10000, 0x04d63360, 0x04d90000)
  to   space 512K,   0% used [0x04c90000, 0x04c90000, 0x04d10000)
 tenured generation   total 21120K, used 16576K [0x09d50000, 0x0b1f0000, 0x14800000)
   the space 21120K,  78% used [0x09d50000, 0x0ad800f0, 0x0ad80200, 0x0b1f0000)
 Metaspace       used 8944K, capacity 9171K, committed 9216K, reserved 9600K
}
Event: 5.610 GC heap before
{Heap before GC invocations=6 (full 1):
 def new generation   total 5184K, used 5004K [0x04800000, 0x04d90000, 0x09d50000)
  eden space 4672K, 100% used [0x04800000, 0x04c90000, 0x04c90000)
  from space 512K,  65% used [0x04d10000, 0x04d63360, 0x04d90000)
  to   space 512K,   0% used [0x04c90000, 0x04c90000, 0x04d10000)
 tenured generation   total 21120K, used 16576K [0x09d50000, 0x0b1f0000, 0x14800000)
   the space 21120K,  78% used [0x09d50000, 0x0ad800f0, 0x0ad80200, 0x0b1f0000)
 Metaspace       used 9218K, capacity 9459K, committed 9600K, reserved 9600K
Event: 5.613 GC heap after
Heap after GC invocations=7 (full 1):
 def new generation   total 5184K, used 137K [0x04800000, 0x04d90000, 0x09d50000)
  eden space 4672K,   0% used [0x04800000, 0x04800000, 0x04c90000)
  from space 512K,  26% used [0x04c90000, 0x04cb2628, 0x04d10000)
  to   space 512K,   0% used [0x04d10000, 0x04d10000, 0x04d90000)
 tenured generation   total 21120K, used 20574K [0x09d50000, 0x0b1f0000, 0x14800000)
   the space 21120K,  97% used [0x09d50000, 0x0b167b40, 0x0b167c00, 0x0b1f0000)
 Metaspace       used 9218K, capacity 9459K, committed 9600K, reserved 9600K
}
Event: 52.302 GC heap before
{Heap before GC invocations=7 (full 1):
 def new generation   total 5184K, used 4809K [0x04800000, 0x04d90000, 0x09d50000)
  eden space 4672K, 100% used [0x04800000, 0x04c90000, 0x04c90000)
  from space 512K,  26% used [0x04c90000, 0x04cb2628, 0x04d10000)
  to   space 512K,   0% used [0x04d10000, 0x04d10000, 0x04d90000)
 tenured generation   total 21120K, used 20574K [0x09d50000, 0x0b1f0000, 0x14800000)
   the space 21120K,  97% used [0x09d50000, 0x0b167b40, 0x0b167c00, 0x0b1f0000)
 Metaspace       used 10121K, capacity 10365K, committed 10496K, reserved 10624K
Event: 52.305 GC heap after
Heap after GC invocations=8 (full 1):
 def new generation   total 5184K, used 512K [0x04800000, 0x04d90000, 0x09d50000)
  eden space 4672K,   0% used [0x04800000, 0x04800000, 0x04c90000)
  from space 512K, 100% used [0x04d10000, 0x04d90000, 0x04d90000)
  to   space 512K,   0% used [0x04c90000, 0x04c90000, 0x04d10000)
 tenured generation   total 21120K, used 21058K [0x09d50000, 0x0b1f0000, 0x14800000)
   the space 21120K,  99% used [0x09d50000, 0x0b1e0a90, 0x0b1e0c00, 0x0b1f0000)
 Metaspace       used 10121K, capacity 10365K, committed 10496K, reserved 10624K
}

