# JRE version: Java(TM) SE Runtime Environment (8.0_91-b15) (build 1.8.0_91-b15)
# Java VM: Java HotSpot(TM) Client VM (25.91-b15 mixed mode windows-x86 )
Heap:
 def new generation   total 5184K, used 3972K [0x04a00000, 0x04f90000, 0x09f50000)
  eden space 4672K,  81% used [0x04a00000, 0x04db6470, 0x04e90000)
  from space 512K,  33% used [0x04e90000, 0x04ebacd8, 0x04f10000)
  to   space 512K,   0% used [0x04f10000, 0x04f10000, 0x04f90000)
 tenured generation   total 21112K, used 20564K [0x09f50000, 0x0b3ee000, 0x14a00000)
   the space 21112K,  97% used [0x09f50000, 0x0b365108, 0x0b365200, 0x0b3ee000)
 Metaspace       used 9763K, capacity 9974K, committed 10112K, reserved 10624K
GC Heap History (10 events):
Event: 0.303 GC heap before
{Heap before GC invocations=2 (full 0):
 def new generation   total 4928K, used 4627K [0x04a00000, 0x04f50000, 0x09f50000)
  eden space 4416K,  99% used [0x04a00000, 0x04e4fe50, 0x04e50000)
  from space 512K,  41% used [0x04e50000, 0x04e85028, 0x04ed0000)
  to   space 512K,   0% used [0x04ed0000, 0x04ed0000, 0x04f50000)
 tenured generation   total 10944K, used 1570K [0x09f50000, 0x0aa00000, 0x14a00000)
   the space 10944K,  14% used [0x09f50000, 0x0a0d88c8, 0x0a0d8a00, 0x0aa00000)
 Metaspace       used 6810K, capacity 6982K, committed 7040K, reserved 7552K
Event: 0.305 GC heap after
Heap after GC invocations=3 (full 0):
 def new generation   total 4928K, used 212K [0x04a00000, 0x04f50000, 0x09f50000)
  eden space 4416K,   0% used [0x04a00000, 0x04a00000, 0x04e50000)
  from space 512K,  41% used [0x04ed0000, 0x04f053c8, 0x04f50000)
  to   space 512K,   0% used [0x04e50000, 0x04e50000, 0x04ed0000)
 tenured generation   total 10944K, used 5718K [0x09f50000, 0x0aa00000, 0x14a00000)
   the space 10944K,  52% used [0x09f50000, 0x0a4e59f8, 0x0a4e5a00, 0x0aa00000)
 Metaspace       used 6810K, capacity 6982K, committed 7040K, reserved 7552K
}
Event: 0.381 GC heap before
{Heap before GC invocations=3 (full 0):
 def new generation   total 4928K, used 4628K [0x04a00000, 0x04f50000, 0x09f50000)
  eden space 4416K, 100% used [0x04a00000, 0x04e50000, 0x04e50000)
  from space 512K,  41% used [0x04ed0000, 0x04f053c8, 0x04f50000)
  to   space 512K,   0% used [0x04e50000, 0x04e50000, 0x04ed0000)
 tenured generation   total 10944K, used 5718K [0x09f50000, 0x0aa00000, 0x14a00000)
   the space 10944K,  52% used [0x09f50000, 0x0a4e59f8, 0x0a4e5a00, 0x0aa00000)
 Metaspace       used 7391K, capacity 7595K, committed 7680K, reserved 8576K
Event: 0.383 GC heap after
Heap after GC invocations=4 (full 0):
 def new generation   total 4928K, used 389K [0x04a00000, 0x04f50000, 0x09f50000)
  eden space 4416K,   0% used [0x04a00000, 0x04a00000, 0x04e50000)
  from space 512K,  76% used [0x04e50000, 0x04eb15e8, 0x04ed0000)
  to   space 512K,   0% used [0x04ed0000, 0x04ed0000, 0x04f50000)
 tenured generation   total 10944K, used 5718K [0x09f50000, 0x0aa00000, 0x14a00000)
   the space 10944K,  52% used [0x09f50000, 0x0a4e59f8, 0x0a4e5a00, 0x0aa00000)
 Metaspace       used 7391K, capacity 7595K, committed 7680K, reserved 8576K
}
Event: 0.467 GC heap before
{Heap before GC invocations=4 (full 0):
 def new generation   total 4928K, used 2849K [0x04a00000, 0x04f50000, 0x09f50000)
  eden space 4416K,  55% used [0x04a00000, 0x04c66e90, 0x04e50000)
  from space 512K,  76% used [0x04e50000, 0x04eb15e8, 0x04ed0000)
  to   space 512K,   0% used [0x04ed0000, 0x04ed0000, 0x04f50000)
 tenured generation   total 10944K, used 5718K [0x09f50000, 0x0aa00000, 0x14a00000)
   the space 10944K,  52% used [0x09f50000, 0x0a4e59f8, 0x0a4e5a00, 0x0aa00000)
 Metaspace       used 8265K, capacity 8497K, committed 8576K, reserved 8576K
Event: 0.477 GC heap after
Heap after GC invocations=5 (full 1):
 def new generation   total 5184K, used 0K [0x04a00000, 0x04f90000, 0x09f50000)
  eden space 4672K,   0% used [0x04a00000, 0x04a00000, 0x04e90000)
  from space 512K,   0% used [0x04e90000, 0x04e90000, 0x04f10000)
  to   space 512K,   0% used [0x04f10000, 0x04f10000, 0x04f90000)
 tenured generation   total 11344K, used 6806K [0x09f50000, 0x0aa64000, 0x14a00000)
   the space 11344K,  59% used [0x09f50000, 0x0a5f5800, 0x0a5f5800, 0x0aa64000)
 Metaspace       used 8265K, capacity 8497K, committed 8576K, reserved 8576K
}
Event: 1.522 GC heap before
{Heap before GC invocations=5 (full 1):
 def new generation   total 5184K, used 2053K [0x04a00000, 0x04f90000, 0x09f50000)
  eden space 4672K,  43% used [0x04a00000, 0x04c014b8, 0x04e90000)
  from space 512K,   0% used [0x04e90000, 0x04e90000, 0x04f10000)
  to   space 512K,   0% used [0x04f10000, 0x04f10000, 0x04f90000)
 tenured generation   total 21112K, used 16571K [0x09f50000, 0x0b3ee000, 0x14a00000)
   the space 21112K,  78% used [0x09f50000, 0x0af7ee90, 0x0af7f000, 0x0b3ee000)
 Metaspace       used 8789K, capacity 9011K, committed 9088K, reserved 9600K
Event: 1.524 GC heap after
Heap after GC invocations=6 (full 1):
 def new generation   total 5184K, used 326K [0x04a00000, 0x04f90000, 0x09f50000)
  eden space 4672K,   0% used [0x04a00000, 0x04a00000, 0x04e90000)
  from space 512K,  63% used [0x04f10000, 0x04f61b20, 0x04f90000)
  to   space 512K,   0% used [0x04e90000, 0x04e90000, 0x04f10000)
 tenured generation   total 21112K, used 16571K [0x09f50000, 0x0b3ee000, 0x14a00000)
   the space 21112K,  78% used [0x09f50000, 0x0af7ee90, 0x0af7f000, 0x0b3ee000)
 Metaspace       used 8789K, capacity 9011K, committed 9088K, reserved 9600K
}
Event: 4.790 GC heap before
{Heap before GC invocations=6 (full 1):
 def new generation   total 5184K, used 4998K [0x04a00000, 0x04f90000, 0x09f50000)
  eden space 4672K, 100% used [0x04a00000, 0x04e90000, 0x04e90000)
  from space 512K,  63% used [0x04f10000, 0x04f61b20, 0x04f90000)
  to   space 512K,   0% used [0x04e90000, 0x04e90000, 0x04f10000)
 tenured generation   total 21112K, used 16571K [0x09f50000, 0x0b3ee000, 0x14a00000)
   the space 21112K,  78% used [0x09f50000, 0x0af7ee90, 0x0af7f000, 0x0b3ee000)
 Metaspace       used 9070K, capacity 9299K, committed 9344K, reserved 9600K
Event: 4.793 GC heap after
Heap after GC invocations=7 (full 1):
 def new generation   total 5184K, used 171K [0x04a00000, 0x04f90000, 0x09f50000)
  eden space 4672K,   0% used [0x04a00000, 0x04a00000, 0x04e90000)
  from space 512K,  33% used [0x04e90000, 0x04ebacd8, 0x04f10000)
  to   space 512K,   0% used [0x04f10000, 0x04f10000, 0x04f90000)
 tenured generation   total 21112K, used 20564K [0x09f50000, 0x0b3ee000, 0x14a00000)
   the space 21112K,  97% used [0x09f50000, 0x0b365108, 0x0b365200, 0x0b3ee000)
 Metaspace       used 9070K, capacity 9299K, committed 9344K, reserved 9600K
}

