# JRE version: Java(TM) SE Runtime Environment (8.0_91-b15) (build 1.8.0_91-b15)
# Java VM: Java HotSpot(TM) Client VM (25.91-b15 mixed mode windows-x86 )
Heap:
 def new generation   total 5184K, used 2055K [0x04a00000, 0x04fa0000, 0x09f50000)
  eden space 4608K,  38% used [0x04a00000, 0x04bbedc8, 0x04e80000)
  from space 576K,  46% used [0x04f10000, 0x04f52fc8, 0x04fa0000)
  to   space 576K,   0% used [0x04e80000, 0x04e80000, 0x04f10000)
 tenured generation   total 21184K, used 20612K [0x09f50000, 0x0b400000, 0x14a00000)
   the space 21184K,  97% used [0x09f50000, 0x0b371390, 0x0b371400, 0x0b400000)
 Metaspace       used 9878K, capacity 10102K, committed 10240K, reserved 10624K
GC Heap History (10 events):
Event: 0.671 GC heap before
{Heap before GC invocations=3 (full 0):
 def new generation   total 4928K, used 4417K [0x04a00000, 0x04f50000, 0x09f50000)
  eden space 4416K, 100% used [0x04a00000, 0x04e50000, 0x04e50000)
  from space 512K,   0% used [0x04ed0000, 0x04ed04b8, 0x04f50000)
  to   space 512K,   0% used [0x04e50000, 0x04e50000, 0x04ed0000)
 tenured generation   total 10944K, used 5957K [0x09f50000, 0x0aa00000, 0x14a00000)
   the space 10944K,  54% used [0x09f50000, 0x0a5217f0, 0x0a521800, 0x0aa00000)
 Metaspace       used 7533K, capacity 7723K, committed 7808K, reserved 8576K
Event: 0.673 GC heap after
Heap after GC invocations=4 (full 0):
 def new generation   total 4928K, used 183K [0x04a00000, 0x04f50000, 0x09f50000)
  eden space 4416K,   0% used [0x04a00000, 0x04a00000, 0x04e50000)
  from space 512K,  35% used [0x04e50000, 0x04e7dd28, 0x04ed0000)
  to   space 512K,   0% used [0x04ed0000, 0x04ed0000, 0x04f50000)
 tenured generation   total 10944K, used 5957K [0x09f50000, 0x0aa00000, 0x14a00000)
   the space 10944K,  54% used [0x09f50000, 0x0a5217f0, 0x0a521800, 0x0aa00000)
 Metaspace       used 7533K, capacity 7723K, committed 7808K, reserved 8576K
}
Event: 0.764 GC heap before
{Heap before GC invocations=4 (full 0):
 def new generation   total 4928K, used 2704K [0x04a00000, 0x04f50000, 0x09f50000)
  eden space 4416K,  57% used [0x04a00000, 0x04c762e0, 0x04e50000)
  from space 512K,  35% used [0x04e50000, 0x04e7dd28, 0x04ed0000)
  to   space 512K,   0% used [0x04ed0000, 0x04ed0000, 0x04f50000)
 tenured generation   total 10944K, used 5957K [0x09f50000, 0x0aa00000, 0x14a00000)
   the space 10944K,  54% used [0x09f50000, 0x0a5217f0, 0x0a521800, 0x0aa00000)
 Metaspace       used 8416K, capacity 8659K, committed 8704K, reserved 9600K
Event: 0.774 GC heap after
Heap after GC invocations=5 (full 1):
 def new generation   total 5184K, used 0K [0x04a00000, 0x04fa0000, 0x09f50000)
  eden space 4608K,   0% used [0x04a00000, 0x04a00000, 0x04e80000)
  from space 576K,   0% used [0x04e80000, 0x04e80000, 0x04f10000)
  to   space 576K,   0% used [0x04f10000, 0x04f10000, 0x04fa0000)
 tenured generation   total 11416K, used 6848K [0x09f50000, 0x0aa76000, 0x14a00000)
   the space 11416K,  59% used [0x09f50000, 0x0a6001d8, 0x0a600200, 0x0aa76000)
 Metaspace       used 8416K, capacity 8659K, committed 8704K, reserved 9600K
}
Event: 1.896 GC heap before
{Heap before GC invocations=5 (full 1):
 def new generation   total 5184K, used 2039K [0x04a00000, 0x04fa0000, 0x09f50000)
  eden space 4608K,  44% used [0x04a00000, 0x04bfdc28, 0x04e80000)
  from space 576K,   0% used [0x04e80000, 0x04e80000, 0x04f10000)
  to   space 576K,   0% used [0x04f10000, 0x04f10000, 0x04fa0000)
 tenured generation   total 21184K, used 16614K [0x09f50000, 0x0b400000, 0x14a00000)
   the space 21184K,  78% used [0x09f50000, 0x0af89868, 0x0af89a00, 0x0b400000)
 Metaspace       used 8947K, capacity 9171K, committed 9216K, reserved 9600K
Event: 1.898 GC heap after
Heap after GC invocations=6 (full 1):
 def new generation   total 5184K, used 332K [0x04a00000, 0x04fa0000, 0x09f50000)
  eden space 4608K,   0% used [0x04a00000, 0x04a00000, 0x04e80000)
  from space 576K,  57% used [0x04f10000, 0x04f633b8, 0x04fa0000)
  to   space 576K,   0% used [0x04e80000, 0x04e80000, 0x04f10000)
 tenured generation   total 21184K, used 16614K [0x09f50000, 0x0b400000, 0x14a00000)
   the space 21184K,  78% used [0x09f50000, 0x0af89868, 0x0af89a00, 0x0b400000)
 Metaspace       used 8947K, capacity 9171K, committed 9216K, reserved 9600K
}
Event: 29.777 GC heap before
{Heap before GC invocations=6 (full 1):
 def new generation   total 5184K, used 4940K [0x04a00000, 0x04fa0000, 0x09f50000)
  eden space 4608K, 100% used [0x04a00000, 0x04e80000, 0x04e80000)
  from space 576K,  57% used [0x04f10000, 0x04f633b8, 0x04fa0000)
  to   space 576K,   0% used [0x04e80000, 0x04e80000, 0x04f10000)
 tenured generation   total 21184K, used 16614K [0x09f50000, 0x0b400000, 0x14a00000)
   the space 21184K,  78% used [0x09f50000, 0x0af89868, 0x0af89a00, 0x0b400000)
 Metaspace       used 9122K, capacity 9331K, committed 9472K, reserved 9600K
Event: 29.782 GC heap after
Heap after GC invocations=7 (full 1):
 def new generation   total 5184K, used 50K [0x04a00000, 0x04fa0000, 0x09f50000)
  eden space 4608K,   0% used [0x04a00000, 0x04a00000, 0x04e80000)
  from space 576K,   8% used [0x04e80000, 0x04e8ca80, 0x04f10000)
  to   space 576K,   0% used [0x04f10000, 0x04f10000, 0x04fa0000)
 tenured generation   total 21184K, used 20612K [0x09f50000, 0x0b400000, 0x14a00000)
   the space 21184K,  97% used [0x09f50000, 0x0b371390, 0x0b371400, 0x0b400000)
 Metaspace       used 9122K, capacity 9331K, committed 9472K, reserved 9600K
}
Event: 315.284 GC heap before
{Heap before GC invocations=7 (full 1):
 def new generation   total 5184K, used 4658K [0x04a00000, 0x04fa0000, 0x09f50000)
  eden space 4608K, 100% used [0x04a00000, 0x04e80000, 0x04e80000)
  from space 576K,   8% used [0x04e80000, 0x04e8ca80, 0x04f10000)
  to   space 576K,   0% used [0x04f10000, 0x04f10000, 0x04fa0000)
 tenured generation   total 21184K, used 20612K [0x09f50000, 0x0b400000, 0x14a00000)
   the space 21184K,  97% used [0x09f50000, 0x0b371390, 0x0b371400, 0x0b400000)
 Metaspace       used 9468K, capacity 9686K, committed 9728K, reserved 10624K
Event: 315.287 GC heap after
Heap after GC invocations=8 (full 1):
 def new generation   total 5184K, used 267K [0x04a00000, 0x04fa0000, 0x09f50000)
  eden space 4608K,   0% used [0x04a00000, 0x04a00000, 0x04e80000)
  from space 576K,  46% used [0x04f10000, 0x04f52fc8, 0x04fa0000)
  to   space 576K,   0% used [0x04e80000, 0x04e80000, 0x04f10000)
 tenured generation   total 21184K, used 20612K [0x09f50000, 0x0b400000, 0x14a00000)
   the space 21184K,  97% used [0x09f50000, 0x0b371390, 0x0b371400, 0x0b400000)
 Metaspace       used 9468K, capacity 9686K, committed 9728K, reserved 10624K
}

