# JRE version: Java(TM) SE Runtime Environment (8.0_91-b15) (build 1.8.0_91-b15)
# Java VM: Java HotSpot(TM) Client VM (25.91-b15 mixed mode windows-x86 )
Heap:
 def new generation   total 5184K, used 3141K [0x04800000, 0x04d90000, 0x09d50000)
  eden space 4672K,  63% used [0x04800000, 0x04aeb478, 0x04c90000)
  from space 512K,  29% used [0x04c90000, 0x04cb61e8, 0x04d10000)
  to   space 512K,   0% used [0x04d10000, 0x04d10000, 0x04d90000)
 tenured generation   total 21068K, used 20536K [0x09d50000, 0x0b1e3000, 0x14800000)
   the space 21068K,  97% used [0x09d50000, 0x0b15e2c0, 0x0b15e400, 0x0b1e3000)
 Metaspace       used 9715K, capacity 9910K, committed 9984K, reserved 10624K
GC Heap History (10 events):
Event: 0.319 GC heap before
{Heap before GC invocations=2 (full 0):
 def new generation   total 4928K, used 4617K [0x04800000, 0x04d50000, 0x09d50000)
  eden space 4416K,  99% used [0x04800000, 0x04c4f578, 0x04c50000)
  from space 512K,  39% used [0x04c50000, 0x04c83030, 0x04cd0000)
  to   space 512K,   0% used [0x04cd0000, 0x04cd0000, 0x04d50000)
 tenured generation   total 10944K, used 1578K [0x09d50000, 0x0a800000, 0x14800000)
   the space 10944K,  14% used [0x09d50000, 0x09eda8e0, 0x09edaa00, 0x0a800000)
 Metaspace       used 6810K, capacity 6982K, committed 7040K, reserved 7552K
Event: 0.321 GC heap after
Heap after GC invocations=3 (full 0):
 def new generation   total 4928K, used 204K [0x04800000, 0x04d50000, 0x09d50000)
  eden space 4416K,   0% used [0x04800000, 0x04800000, 0x04c50000)
  from space 512K,  40% used [0x04cd0000, 0x04d033d0, 0x04d50000)
  to   space 512K,   0% used [0x04c50000, 0x04c50000, 0x04cd0000)
 tenured generation   total 10944K, used 5726K [0x09d50000, 0x0a800000, 0x14800000)
   the space 10944K,  52% used [0x09d50000, 0x0a2e7a10, 0x0a2e7c00, 0x0a800000)
 Metaspace       used 6810K, capacity 6982K, committed 7040K, reserved 7552K
}
Event: 0.399 GC heap before
{Heap before GC invocations=3 (full 0):
 def new generation   total 4928K, used 4620K [0x04800000, 0x04d50000, 0x09d50000)
  eden space 4416K, 100% used [0x04800000, 0x04c50000, 0x04c50000)
  from space 512K,  40% used [0x04cd0000, 0x04d033d0, 0x04d50000)
  to   space 512K,   0% used [0x04c50000, 0x04c50000, 0x04cd0000)
 tenured generation   total 10944K, used 5726K [0x09d50000, 0x0a800000, 0x14800000)
   the space 10944K,  52% used [0x09d50000, 0x0a2e7a10, 0x0a2e7c00, 0x0a800000)
 Metaspace       used 7425K, capacity 7627K, committed 7680K, reserved 8576K
Event: 0.401 GC heap after
Heap after GC invocations=4 (full 0):
 def new generation   total 4928K, used 393K [0x04800000, 0x04d50000, 0x09d50000)
  eden space 4416K,   0% used [0x04800000, 0x04800000, 0x04c50000)
  from space 512K,  76% used [0x04c50000, 0x04cb24f8, 0x04cd0000)
  to   space 512K,   0% used [0x04cd0000, 0x04cd0000, 0x04d50000)
 tenured generation   total 10944K, used 5726K [0x09d50000, 0x0a800000, 0x14800000)
   the space 10944K,  52% used [0x09d50000, 0x0a2e7a10, 0x0a2e7c00, 0x0a800000)
 Metaspace       used 7425K, capacity 7627K, committed 7680K, reserved 8576K
}
Event: 0.481 GC heap before
{Heap before GC invocations=4 (full 0):
 def new generation   total 4928K, used 2777K [0x04800000, 0x04d50000, 0x09d50000)
  eden space 4416K,  53% used [0x04800000, 0x04a54138, 0x04c50000)
  from space 512K,  76% used [0x04c50000, 0x04cb24f8, 0x04cd0000)
  to   space 512K,   0% used [0x04cd0000, 0x04cd0000, 0x04d50000)
 tenured generation   total 10944K, used 5726K [0x09d50000, 0x0a800000, 0x14800000)
   the space 10944K,  52% used [0x09d50000, 0x0a2e7a10, 0x0a2e7c00, 0x0a800000)
 Metaspace       used 8260K, capacity 8497K, committed 8576K, reserved 8576K
Event: 0.490 GC heap after
Heap after GC invocations=5 (full 1):
 def new generation   total 5184K, used 0K [0x04800000, 0x04d90000, 0x09d50000)
  eden space 4672K,   0% used [0x04800000, 0x04800000, 0x04c90000)
  from space 512K,   0% used [0x04c90000, 0x04c90000, 0x04d10000)
  to   space 512K,   0% used [0x04d10000, 0x04d10000, 0x04d90000)
 tenured generation   total 11300K, used 6778K [0x09d50000, 0x0a859000, 0x14800000)
   the space 11300K,  59% used [0x09d50000, 0x0a3ee9b8, 0x0a3eea00, 0x0a859000)
 Metaspace       used 8260K, capacity 8497K, committed 8576K, reserved 8576K
}
Event: 1.583 GC heap before
{Heap before GC invocations=5 (full 1):
 def new generation   total 5184K, used 2072K [0x04800000, 0x04d90000, 0x09d50000)
  eden space 4672K,  44% used [0x04800000, 0x04a06170, 0x04c90000)
  from space 512K,   0% used [0x04c90000, 0x04c90000, 0x04d10000)
  to   space 512K,   0% used [0x04d10000, 0x04d10000, 0x04d90000)
 tenured generation   total 21068K, used 16544K [0x09d50000, 0x0b1e3000, 0x14800000)
   the space 21068K,  78% used [0x09d50000, 0x0ad78048, 0x0ad78200, 0x0b1e3000)
 Metaspace       used 8785K, capacity 9011K, committed 9088K, reserved 9600K
Event: 1.585 GC heap after
Heap after GC invocations=6 (full 1):
 def new generation   total 5184K, used 326K [0x04800000, 0x04d90000, 0x09d50000)
  eden space 4672K,   0% used [0x04800000, 0x04800000, 0x04c90000)
  from space 512K,  63% used [0x04d10000, 0x04d61b20, 0x04d90000)
  to   space 512K,   0% used [0x04c90000, 0x04c90000, 0x04d10000)
 tenured generation   total 21068K, used 16544K [0x09d50000, 0x0b1e3000, 0x14800000)
   the space 21068K,  78% used [0x09d50000, 0x0ad78048, 0x0ad78200, 0x0b1e3000)
 Metaspace       used 8785K, capacity 9011K, committed 9088K, reserved 9600K
}
Event: 5.145 GC heap before
{Heap before GC invocations=6 (full 1):
 def new generation   total 5184K, used 4998K [0x04800000, 0x04d90000, 0x09d50000)
  eden space 4672K, 100% used [0x04800000, 0x04c90000, 0x04c90000)
  from space 512K,  63% used [0x04d10000, 0x04d61b20, 0x04d90000)
  to   space 512K,   0% used [0x04c90000, 0x04c90000, 0x04d10000)
 tenured generation   total 21068K, used 16544K [0x09d50000, 0x0b1e3000, 0x14800000)
   the space 21068K,  78% used [0x09d50000, 0x0ad78048, 0x0ad78200, 0x0b1e3000)
 Metaspace       used 9060K, capacity 9267K, committed 9344K, reserved 9600K
Event: 5.148 GC heap after
Heap after GC invocations=7 (full 1):
 def new generation   total 5184K, used 152K [0x04800000, 0x04d90000, 0x09d50000)
  eden space 4672K,   0% used [0x04800000, 0x04800000, 0x04c90000)
  from space 512K,  29% used [0x04c90000, 0x04cb61e8, 0x04d10000)
  to   space 512K,   0% used [0x04d10000, 0x04d10000, 0x04d90000)
 tenured generation   total 21068K, used 20536K [0x09d50000, 0x0b1e3000, 0x14800000)
   the space 21068K,  97% used [0x09d50000, 0x0b15e2c0, 0x0b15e400, 0x0b1e3000)
 Metaspace       used 9060K, capacity 9267K, committed 9344K, reserved 9600K
}

