# JRE version: Java(TM) SE Runtime Environment (8.0_91-b15) (build 1.8.0_91-b15)
# Java VM: Java HotSpot(TM) Client VM (25.91-b15 mixed mode windows-x86 )
Heap:
 def new generation   total 19840K, used 17646K [0x04a00000, 0x05f80000, 0x09f50000)
  eden space 17664K,  99% used [0x04a00000, 0x05b3b770, 0x05b40000)
  from space 2176K,   0% used [0x05d60000, 0x05d602e0, 0x05f80000)
  to   space 2176K,   0% used [0x05b40000, 0x05b40000, 0x05d60000)
 tenured generation   total 43916K, used 35651K [0x09f50000, 0x0ca33000, 0x14a00000)
   the space 43916K,  81% used [0x09f50000, 0x0c220db8, 0x0c220e00, 0x0ca33000)
 Metaspace       used 8982K, capacity 9206K, committed 9344K, reserved 9600K
GC Heap History (10 events):
Event: 0.786 GC heap before
{Heap before GC invocations=18 (full 8):
 def new generation   total 19840K, used 10106K [0x04a00000, 0x05f80000, 0x09f50000)
  eden space 17664K,  57% used [0x04a00000, 0x053dea18, 0x05b40000)
  from space 2176K,   0% used [0x05b40000, 0x05b40000, 0x05d60000)
  to   space 2176K,   0% used [0x05d60000, 0x05d60000, 0x05f80000)
 tenured generation   total 43916K, used 25885K [0x09f50000, 0x0ca33000, 0x14a00000)
   the space 43916K,  58% used [0x09f50000, 0x0b897770, 0x0b897800, 0x0ca33000)
 Metaspace       used 8294K, capacity 8531K, committed 8576K, reserved 8576K
Event: 0.789 GC heap after
Heap after GC invocations=19 (full 8):
 def new generation   total 19840K, used 0K [0x04a00000, 0x05f80000, 0x09f50000)
  eden space 17664K,   0% used [0x04a00000, 0x04a00000, 0x05b40000)
  from space 2176K,   0% used [0x05d60000, 0x05d602c8, 0x05f80000)
  to   space 2176K,   0% used [0x05b40000, 0x05b40000, 0x05d60000)
 tenured generation   total 43916K, used 35651K [0x09f50000, 0x0ca33000, 0x14a00000)
   the space 43916K,  81% used [0x09f50000, 0x0c220e00, 0x0c220e00, 0x0ca33000)
 Metaspace       used 8294K, capacity 8531K, committed 8576K, reserved 8576K
}
Event: 0.792 GC heap before
{Heap before GC invocations=19 (full 8):
 def new generation   total 19840K, used 10107K [0x04a00000, 0x05f80000, 0x09f50000)
  eden space 17664K,  57% used [0x04a00000, 0x053deaf0, 0x05b40000)
  from space 2176K,   0% used [0x05d60000, 0x05d602c8, 0x05f80000)
  to   space 2176K,   0% used [0x05b40000, 0x05b40000, 0x05d60000)
 tenured generation   total 43916K, used 35651K [0x09f50000, 0x0ca33000, 0x14a00000)
   the space 43916K,  81% used [0x09f50000, 0x0c220e00, 0x0c220e00, 0x0ca33000)
 Metaspace       used 8294K, capacity 8531K, committed 8576K, reserved 8576K
Event: 0.807 GC heap after
Heap after GC invocations=20 (full 9):
 def new generation   total 19840K, used 0K [0x04a00000, 0x05f80000, 0x09f50000)
  eden space 17664K,   0% used [0x04a00000, 0x04a00000, 0x05b40000)
  from space 2176K,   0% used [0x05b40000, 0x05b40000, 0x05d60000)
  to   space 2176K,   0% used [0x05d60000, 0x05d60000, 0x05f80000)
 tenured generation   total 43916K, used 25886K [0x09f50000, 0x0ca33000, 0x14a00000)
   the space 43916K,  58% used [0x09f50000, 0x0b897920, 0x0b897a00, 0x0ca33000)
 Metaspace       used 8294K, capacity 8531K, committed 8576K, reserved 8576K
}
Event: 0.811 GC heap before
{Heap before GC invocations=20 (full 9):
 def new generation   total 19840K, used 10106K [0x04a00000, 0x05f80000, 0x09f50000)
  eden space 17664K,  57% used [0x04a00000, 0x053deb78, 0x05b40000)
  from space 2176K,   0% used [0x05b40000, 0x05b40000, 0x05d60000)
  to   space 2176K,   0% used [0x05d60000, 0x05d60000, 0x05f80000)
 tenured generation   total 43916K, used 25886K [0x09f50000, 0x0ca33000, 0x14a00000)
   the space 43916K,  58% used [0x09f50000, 0x0b897920, 0x0b897a00, 0x0ca33000)
 Metaspace       used 8294K, capacity 8531K, committed 8576K, reserved 8576K
Event: 0.814 GC heap after
Heap after GC invocations=21 (full 9):
 def new generation   total 19840K, used 0K [0x04a00000, 0x05f80000, 0x09f50000)
  eden space 17664K,   0% used [0x04a00000, 0x04a00000, 0x05b40000)
  from space 2176K,   0% used [0x05d60000, 0x05d602c8, 0x05f80000)
  to   space 2176K,   0% used [0x05b40000, 0x05b40000, 0x05d60000)
 tenured generation   total 43916K, used 35651K [0x09f50000, 0x0ca33000, 0x14a00000)
   the space 43916K,  81% used [0x09f50000, 0x0c220fb0, 0x0c221000, 0x0ca33000)
 Metaspace       used 8294K, capacity 8531K, committed 8576K, reserved 8576K
}
Event: 0.817 GC heap before
{Heap before GC invocations=21 (full 9):
 def new generation   total 19840K, used 10107K [0x04a00000, 0x05f80000, 0x09f50000)
  eden space 17664K,  57% used [0x04a00000, 0x053debe0, 0x05b40000)
  from space 2176K,   0% used [0x05d60000, 0x05d602c8, 0x05f80000)
  to   space 2176K,   0% used [0x05b40000, 0x05b40000, 0x05d60000)
 tenured generation   total 43916K, used 35651K [0x09f50000, 0x0ca33000, 0x14a00000)
   the space 43916K,  81% used [0x09f50000, 0x0c220fb0, 0x0c221000, 0x0ca33000)
 Metaspace       used 8294K, capacity 8531K, committed 8576K, reserved 8576K
Event: 0.834 GC heap after
Heap after GC invocations=22 (full 10):
 def new generation   total 19840K, used 0K [0x04a00000, 0x05f80000, 0x09f50000)
  eden space 17664K,   0% used [0x04a00000, 0x04a00000, 0x05b40000)
  from space 2176K,   0% used [0x05b40000, 0x05b40000, 0x05d60000)
  to   space 2176K,   0% used [0x05d60000, 0x05d60000, 0x05f80000)
 tenured generation   total 43916K, used 25885K [0x09f50000, 0x0ca33000, 0x14a00000)
   the space 43916K,  58% used [0x09f50000, 0x0b897728, 0x0b897800, 0x0ca33000)
 Metaspace       used 8294K, capacity 8531K, committed 8576K, reserved 8576K
}
Event: 0.838 GC heap before
{Heap before GC invocations=22 (full 10):
 def new generation   total 19840K, used 10107K [0x04a00000, 0x05f80000, 0x09f50000)
  eden space 17664K,  57% used [0x04a00000, 0x053dec08, 0x05b40000)
  from space 2176K,   0% used [0x05b40000, 0x05b40000, 0x05d60000)
  to   space 2176K,   0% used [0x05d60000, 0x05d60000, 0x05f80000)
 tenured generation   total 43916K, used 25885K [0x09f50000, 0x0ca33000, 0x14a00000)
   the space 43916K,  58% used [0x09f50000, 0x0b897728, 0x0b897800, 0x0ca33000)
 Metaspace       used 8294K, capacity 8531K, committed 8576K, reserved 8576K
Event: 0.840 GC heap after
Heap after GC invocations=23 (full 10):
 def new generation   total 19840K, used 0K [0x04a00000, 0x05f80000, 0x09f50000)
  eden space 17664K,   0% used [0x04a00000, 0x04a00000, 0x05b40000)
  from space 2176K,   0% used [0x05d60000, 0x05d602e0, 0x05f80000)
  to   space 2176K,   0% used [0x05b40000, 0x05b40000, 0x05d60000)
 tenured generation   total 43916K, used 35651K [0x09f50000, 0x0ca33000, 0x14a00000)
   the space 43916K,  81% used [0x09f50000, 0x0c220db8, 0x0c220e00, 0x0ca33000)
 Metaspace       used 8294K, capacity 8531K, committed 8576K, reserved 8576K
}

