# JRE version: Java(TM) SE Runtime Environment (8.0_91-b15) (build 1.8.0_91-b15)
# Java VM: Java HotSpot(TM) Client VM (25.91-b15 mixed mode windows-x86 )
Heap:
 def new generation   total 5184K, used 4423K [0x04800000, 0x04d90000, 0x09d50000)
  eden space 4672K,  93% used [0x04800000, 0x04c44a50, 0x04c90000)
  from space 512K,  10% used [0x04c90000, 0x04c9d3d0, 0x04d10000)
  to   space 512K,   0% used [0x04d10000, 0x04d10000, 0x04d90000)
 tenured generation   total 21036K, used 20515K [0x09d50000, 0x0b1db000, 0x14800000)
   the space 21036K,  97% used [0x09d50000, 0x0b158f98, 0x0b159000, 0x0b1db000)
 Metaspace       used 8949K, capacity 9165K, committed 9216K, reserved 9600K
GC Heap History (10 events):
Event: 0.694 GC heap before
{Heap before GC invocations=2 (full 0):
 def new generation   total 4928K, used 4651K [0x04800000, 0x04d50000, 0x09d50000)
  eden space 4416K,  99% used [0x04800000, 0x04c4f9b0, 0x04c50000)
  from space 512K,  46% used [0x04c50000, 0x04c8b510, 0x04cd0000)
  to   space 512K,   0% used [0x04cd0000, 0x04cd0000, 0x04d50000)
 tenured generation   total 10944K, used 1528K [0x09d50000, 0x0a800000, 0x14800000)
   the space 10944K,  13% used [0x09d50000, 0x09ece1d8, 0x09ece200, 0x0a800000)
 Metaspace       used 6807K, capacity 7008K, committed 7040K, reserved 7552K
Event: 0.697 GC heap after
Heap after GC invocations=3 (full 0):
 def new generation   total 4928K, used 238K [0x04800000, 0x04d50000, 0x09d50000)
  eden space 4416K,   0% used [0x04800000, 0x04800000, 0x04c50000)
  from space 512K,  46% used [0x04cd0000, 0x04d0b8b0, 0x04d50000)
  to   space 512K,   0% used [0x04c50000, 0x04c50000, 0x04cd0000)
 tenured generation   total 10944K, used 5676K [0x09d50000, 0x0a800000, 0x14800000)
   the space 10944K,  51% used [0x09d50000, 0x0a2db308, 0x0a2db400, 0x0a800000)
 Metaspace       used 6807K, capacity 7008K, committed 7040K, reserved 7552K
}
Event: 0.795 GC heap before
{Heap before GC invocations=3 (full 0):
 def new generation   total 4928K, used 4654K [0x04800000, 0x04d50000, 0x09d50000)
  eden space 4416K, 100% used [0x04800000, 0x04c50000, 0x04c50000)
  from space 512K,  46% used [0x04cd0000, 0x04d0b8b0, 0x04d50000)
  to   space 512K,   0% used [0x04c50000, 0x04c50000, 0x04cd0000)
 tenured generation   total 10944K, used 5676K [0x09d50000, 0x0a800000, 0x14800000)
   the space 10944K,  51% used [0x09d50000, 0x0a2db308, 0x0a2db400, 0x0a800000)
 Metaspace       used 7418K, capacity 7621K, committed 7680K, reserved 8576K
Event: 0.797 GC heap after
Heap after GC invocations=4 (full 0):
 def new generation   total 4928K, used 419K [0x04800000, 0x04d50000, 0x09d50000)
  eden space 4416K,   0% used [0x04800000, 0x04800000, 0x04c50000)
  from space 512K,  82% used [0x04c50000, 0x04cb8f68, 0x04cd0000)
  to   space 512K,   0% used [0x04cd0000, 0x04cd0000, 0x04d50000)
 tenured generation   total 10944K, used 5676K [0x09d50000, 0x0a800000, 0x14800000)
   the space 10944K,  51% used [0x09d50000, 0x0a2db308, 0x0a2db400, 0x0a800000)
 Metaspace       used 7418K, capacity 7621K, committed 7680K, reserved 8576K
}
Event: 0.893 GC heap before
{Heap before GC invocations=4 (full 0):
 def new generation   total 4928K, used 2820K [0x04800000, 0x04d50000, 0x09d50000)
  eden space 4416K,  54% used [0x04800000, 0x04a58220, 0x04c50000)
  from space 512K,  82% used [0x04c50000, 0x04cb8f68, 0x04cd0000)
  to   space 512K,   0% used [0x04cd0000, 0x04cd0000, 0x04d50000)
 tenured generation   total 10944K, used 5676K [0x09d50000, 0x0a800000, 0x14800000)
   the space 10944K,  51% used [0x09d50000, 0x0a2db308, 0x0a2db400, 0x0a800000)
 Metaspace       used 8250K, capacity 8461K, committed 8576K, reserved 8576K
Event: 0.903 GC heap after
Heap after GC invocations=5 (full 1):
 def new generation   total 5184K, used 0K [0x04800000, 0x04d90000, 0x09d50000)
  eden space 4672K,   0% used [0x04800000, 0x04800000, 0x04c90000)
  from space 512K,   0% used [0x04c90000, 0x04c90000, 0x04d10000)
  to   space 512K,   0% used [0x04d10000, 0x04d10000, 0x04d90000)
 tenured generation   total 11268K, used 6760K [0x09d50000, 0x0a851000, 0x14800000)
   the space 11268K,  59% used [0x09d50000, 0x0a3ea008, 0x0a3ea200, 0x0a851000)
 Metaspace       used 8250K, capacity 8461K, committed 8576K, reserved 8576K
}
Event: 1.611 GC heap before
{Heap before GC invocations=5 (full 1):
 def new generation   total 5184K, used 1941K [0x04800000, 0x04d90000, 0x09d50000)
  eden space 4672K,  41% used [0x04800000, 0x049e5778, 0x04c90000)
  from space 512K,   0% used [0x04c90000, 0x04c90000, 0x04d10000)
  to   space 512K,   0% used [0x04d10000, 0x04d10000, 0x04d90000)
 tenured generation   total 21036K, used 16525K [0x09d50000, 0x0b1db000, 0x14800000)
   the space 21036K,  78% used [0x09d50000, 0x0ad73698, 0x0ad73800, 0x0b1db000)
 Metaspace       used 8771K, capacity 9005K, committed 9088K, reserved 9600K
Event: 1.613 GC heap after
Heap after GC invocations=6 (full 1):
 def new generation   total 5184K, used 321K [0x04800000, 0x04d90000, 0x09d50000)
  eden space 4672K,   0% used [0x04800000, 0x04800000, 0x04c90000)
  from space 512K,  62% used [0x04d10000, 0x04d60530, 0x04d90000)
  to   space 512K,   0% used [0x04c90000, 0x04c90000, 0x04d10000)
 tenured generation   total 21036K, used 16525K [0x09d50000, 0x0b1db000, 0x14800000)
   the space 21036K,  78% used [0x09d50000, 0x0ad73698, 0x0ad73800, 0x0b1db000)
 Metaspace       used 8771K, capacity 9005K, committed 9088K, reserved 9600K
}
Event: 4.788 GC heap before
{Heap before GC invocations=6 (full 1):
 def new generation   total 5184K, used 4993K [0x04800000, 0x04d90000, 0x09d50000)
  eden space 4672K, 100% used [0x04800000, 0x04c90000, 0x04c90000)
  from space 512K,  62% used [0x04d10000, 0x04d60530, 0x04d90000)
  to   space 512K,   0% used [0x04c90000, 0x04c90000, 0x04d10000)
 tenured generation   total 21036K, used 16525K [0x09d50000, 0x0b1db000, 0x14800000)
   the space 21036K,  78% used [0x09d50000, 0x0ad73698, 0x0ad73800, 0x0b1db000)
 Metaspace       used 8946K, capacity 9165K, committed 9216K, reserved 9600K
Event: 4.790 GC heap after
Heap after GC invocations=7 (full 1):
 def new generation   total 5184K, used 52K [0x04800000, 0x04d90000, 0x09d50000)
  eden space 4672K,   0% used [0x04800000, 0x04800000, 0x04c90000)
  from space 512K,  10% used [0x04c90000, 0x04c9d3d0, 0x04d10000)
  to   space 512K,   0% used [0x04d10000, 0x04d10000, 0x04d90000)
 tenured generation   total 21036K, used 20515K [0x09d50000, 0x0b1db000, 0x14800000)
   the space 21036K,  97% used [0x09d50000, 0x0b158f98, 0x0b159000, 0x0b1db000)
 Metaspace       used 8946K, capacity 9165K, committed 9216K, reserved 9600K
}

