# JRE version: Java(TM) SE Runtime Environment (8.0_91-b15) (build 1.8.0_91-b15)
# Java VM: Java HotSpot(TM) Client VM (25.91-b15 mixed mode windows-x86 )
Heap:
 def new generation   total 5184K, used 1677K [0x04800000, 0x04da0000, 0x09d50000)
  eden space 4608K,  34% used [0x04800000, 0x0498d028, 0x04c80000)
  from space 576K,  15% used [0x04c80000, 0x04c96548, 0x04d10000)
  to   space 576K,   0% used [0x04d10000, 0x04d10000, 0x04da0000)
 tenured generation   total 21136K, used 20576K [0x09d50000, 0x0b1f4000, 0x14800000)
   the space 21136K,  97% used [0x09d50000, 0x0b168268, 0x0b168400, 0x0b1f4000)
 Metaspace       used 9289K, capacity 9494K, committed 9600K, reserved 9600K
GC Heap History (10 events):
Event: 0.426 GC heap before
{Heap before GC invocations=2 (full 0):
 def new generation   total 4928K, used 4678K [0x04800000, 0x04d50000, 0x09d50000)
  eden space 4416K,  99% used [0x04800000, 0x04c4fef0, 0x04c50000)
  from space 512K,  51% used [0x04c50000, 0x04c91b78, 0x04cd0000)
  to   space 512K,   0% used [0x04cd0000, 0x04cd0000, 0x04d50000)
 tenured generation   total 10944K, used 1523K [0x09d50000, 0x0a800000, 0x14800000)
   the space 10944K,  13% used [0x09d50000, 0x09eccca8, 0x09ecce00, 0x0a800000)
 Metaspace       used 6825K, capacity 7014K, committed 7040K, reserved 7552K
Event: 0.428 GC heap after
Heap after GC invocations=3 (full 0):
 def new generation   total 4928K, used 1K [0x04800000, 0x04d50000, 0x09d50000)
  eden space 4416K,   0% used [0x04800000, 0x04800000, 0x04c50000)
  from space 512K,   0% used [0x04cd0000, 0x04cd04b8, 0x04d50000)
  to   space 512K,   0% used [0x04c50000, 0x04c50000, 0x04cd0000)
 tenured generation   total 10944K, used 5933K [0x09d50000, 0x0a800000, 0x14800000)
   the space 10944K,  54% used [0x09d50000, 0x0a31b740, 0x0a31b800, 0x0a800000)
 Metaspace       used 6825K, capacity 7014K, committed 7040K, reserved 7552K
}
Event: 0.524 GC heap before
{Heap before GC invocations=3 (full 0):
 def new generation   total 4928K, used 4417K [0x04800000, 0x04d50000, 0x09d50000)
  eden space 4416K, 100% used [0x04800000, 0x04c50000, 0x04c50000)
  from space 512K,   0% used [0x04cd0000, 0x04cd04b8, 0x04d50000)
  to   space 512K,   0% used [0x04c50000, 0x04c50000, 0x04cd0000)
 tenured generation   total 10944K, used 5933K [0x09d50000, 0x0a800000, 0x14800000)
   the space 10944K,  54% used [0x09d50000, 0x0a31b740, 0x0a31b800, 0x0a800000)
 Metaspace       used 7442K, capacity 7627K, committed 7680K, reserved 8576K
Event: 0.525 GC heap after
Heap after GC invocations=4 (full 0):
 def new generation   total 4928K, used 194K [0x04800000, 0x04d50000, 0x09d50000)
  eden space 4416K,   0% used [0x04800000, 0x04800000, 0x04c50000)
  from space 512K,  37% used [0x04c50000, 0x04c808d8, 0x04cd0000)
  to   space 512K,   0% used [0x04cd0000, 0x04cd0000, 0x04d50000)
 tenured generation   total 10944K, used 5933K [0x09d50000, 0x0a800000, 0x14800000)
   the space 10944K,  54% used [0x09d50000, 0x0a31b740, 0x0a31b800, 0x0a800000)
 Metaspace       used 7442K, capacity 7627K, committed 7680K, reserved 8576K
}
Event: 0.613 GC heap before
{Heap before GC invocations=4 (full 0):
 def new generation   total 4928K, used 2680K [0x04800000, 0x04d50000, 0x09d50000)
  eden space 4416K,  56% used [0x04800000, 0x04a6da40, 0x04c50000)
  from space 512K,  37% used [0x04c50000, 0x04c808d8, 0x04cd0000)
  to   space 512K,   0% used [0x04cd0000, 0x04cd0000, 0x04d50000)
 tenured generation   total 10944K, used 5933K [0x09d50000, 0x0a800000, 0x14800000)
   the space 10944K,  54% used [0x09d50000, 0x0a31b740, 0x0a31b800, 0x0a800000)
 Metaspace       used 8274K, capacity 8499K, committed 8576K, reserved 8576K
Event: 0.623 GC heap after
Heap after GC invocations=5 (full 1):
 def new generation   total 5184K, used 0K [0x04800000, 0x04da0000, 0x09d50000)
  eden space 4608K,   0% used [0x04800000, 0x04800000, 0x04c80000)
  from space 576K,   0% used [0x04c80000, 0x04c80000, 0x04d10000)
  to   space 576K,   0% used [0x04d10000, 0x04d10000, 0x04da0000)
 tenured generation   total 11368K, used 6819K [0x09d50000, 0x0a86a000, 0x14800000)
   the space 11368K,  59% used [0x09d50000, 0x0a3f8f18, 0x0a3f9000, 0x0a86a000)
 Metaspace       used 8274K, capacity 8499K, committed 8576K, reserved 8576K
}
Event: 1.760 GC heap before
{Heap before GC invocations=5 (full 1):
 def new generation   total 5184K, used 1989K [0x04800000, 0x04da0000, 0x09d50000)
  eden space 4608K,  43% used [0x04800000, 0x049f1460, 0x04c80000)
  from space 576K,   0% used [0x04c80000, 0x04c80000, 0x04d10000)
  to   space 576K,   0% used [0x04d10000, 0x04d10000, 0x04da0000)
 tenured generation   total 21136K, used 16585K [0x09d50000, 0x0b1f4000, 0x14800000)
   the space 21136K,  78% used [0x09d50000, 0x0ad825a8, 0x0ad82600, 0x0b1f4000)
 Metaspace       used 8794K, capacity 9011K, committed 9088K, reserved 9600K
Event: 1.762 GC heap after
Heap after GC invocations=6 (full 1):
 def new generation   total 5184K, used 324K [0x04800000, 0x04da0000, 0x09d50000)
  eden space 4608K,   0% used [0x04800000, 0x04800000, 0x04c80000)
  from space 576K,  56% used [0x04d10000, 0x04d61370, 0x04da0000)
  to   space 576K,   0% used [0x04c80000, 0x04c80000, 0x04d10000)
 tenured generation   total 21136K, used 16585K [0x09d50000, 0x0b1f4000, 0x14800000)
   the space 21136K,  78% used [0x09d50000, 0x0ad825a8, 0x0ad82600, 0x0b1f4000)
 Metaspace       used 8794K, capacity 9011K, committed 9088K, reserved 9600K
}
Event: 3.613 GC heap before
{Heap before GC invocations=6 (full 1):
 def new generation   total 5184K, used 4932K [0x04800000, 0x04da0000, 0x09d50000)
  eden space 4608K, 100% used [0x04800000, 0x04c80000, 0x04c80000)
  from space 576K,  56% used [0x04d10000, 0x04d61370, 0x04da0000)
  to   space 576K,   0% used [0x04c80000, 0x04c80000, 0x04d10000)
 tenured generation   total 21136K, used 16585K [0x09d50000, 0x0b1f4000, 0x14800000)
   the space 21136K,  78% used [0x09d50000, 0x0ad825a8, 0x0ad82600, 0x0b1f4000)
 Metaspace       used 8972K, capacity 9203K, committed 9344K, reserved 9600K
Event: 3.616 GC heap after
Heap after GC invocations=7 (full 1):
 def new generation   total 5184K, used 89K [0x04800000, 0x04da0000, 0x09d50000)
  eden space 4608K,   0% used [0x04800000, 0x04800000, 0x04c80000)
  from space 576K,  15% used [0x04c80000, 0x04c96548, 0x04d10000)
  to   space 576K,   0% used [0x04d10000, 0x04d10000, 0x04da0000)
 tenured generation   total 21136K, used 20576K [0x09d50000, 0x0b1f4000, 0x14800000)
   the space 21136K,  97% used [0x09d50000, 0x0b168268, 0x0b168400, 0x0b1f4000)
 Metaspace       used 8972K, capacity 9203K, committed 9344K, reserved 9600K
}

