# JRE version: Java(TM) SE Runtime Environment (8.0_91-b15) (build 1.8.0_91-b15)
# Java VM: Java HotSpot(TM) Client VM (25.91-b15 mixed mode windows-x86 )
Heap:
 def new generation   total 5184K, used 2195K [0x04800000, 0x04d90000, 0x09d50000)
  eden space 4672K,  45% used [0x04800000, 0x04a12ce0, 0x04c90000)
  from space 512K,  14% used [0x04c90000, 0x04ca2260, 0x04d10000)
  to   space 512K,   0% used [0x04d10000, 0x04d10000, 0x04d90000)
 tenured generation   total 21100K, used 20652K [0x09d50000, 0x0b1eb000, 0x14800000)
   the space 21100K,  97% used [0x09d50000, 0x0b17b360, 0x0b17b400, 0x0b1eb000)
 Metaspace       used 9492K, capacity 9725K, committed 9856K, reserved 10624K
GC Heap History (10 events):
Event: 0.364 GC heap before
{Heap before GC invocations=2 (full 0):
 def new generation   total 4928K, used 4678K [0x04800000, 0x04d50000, 0x09d50000)
  eden space 4416K,  99% used [0x04800000, 0x04c4fef0, 0x04c50000)
  from space 512K,  51% used [0x04c50000, 0x04c91b78, 0x04cd0000)
  to   space 512K,   0% used [0x04cd0000, 0x04cd0000, 0x04d50000)
 tenured generation   total 10944K, used 1523K [0x09d50000, 0x0a800000, 0x14800000)
   the space 10944K,  13% used [0x09d50000, 0x09eccca8, 0x09ecce00, 0x0a800000)
 Metaspace       used 6825K, capacity 7014K, committed 7040K, reserved 7552K
Event: 0.367 GC heap after
Heap after GC invocations=3 (full 0):
 def new generation   total 4928K, used 1K [0x04800000, 0x04d50000, 0x09d50000)
  eden space 4416K,   0% used [0x04800000, 0x04800000, 0x04c50000)
  from space 512K,   0% used [0x04cd0000, 0x04cd04b8, 0x04d50000)
  to   space 512K,   0% used [0x04c50000, 0x04c50000, 0x04cd0000)
 tenured generation   total 10944K, used 5933K [0x09d50000, 0x0a800000, 0x14800000)
   the space 10944K,  54% used [0x09d50000, 0x0a31b740, 0x0a31b800, 0x0a800000)
 Metaspace       used 6825K, capacity 7014K, committed 7040K, reserved 7552K
}
Event: 0.468 GC heap before
{Heap before GC invocations=3 (full 0):
 def new generation   total 4928K, used 4417K [0x04800000, 0x04d50000, 0x09d50000)
  eden space 4416K, 100% used [0x04800000, 0x04c50000, 0x04c50000)
  from space 512K,   0% used [0x04cd0000, 0x04cd04b8, 0x04d50000)
  to   space 512K,   0% used [0x04c50000, 0x04c50000, 0x04cd0000)
 tenured generation   total 10944K, used 5933K [0x09d50000, 0x0a800000, 0x14800000)
   the space 10944K,  54% used [0x09d50000, 0x0a31b740, 0x0a31b800, 0x0a800000)
 Metaspace       used 7439K, capacity 7627K, committed 7680K, reserved 8576K
Event: 0.470 GC heap after
Heap after GC invocations=4 (full 0):
 def new generation   total 4928K, used 196K [0x04800000, 0x04d50000, 0x09d50000)
  eden space 4416K,   0% used [0x04800000, 0x04800000, 0x04c50000)
  from space 512K,  38% used [0x04c50000, 0x04c812b8, 0x04cd0000)
  to   space 512K,   0% used [0x04cd0000, 0x04cd0000, 0x04d50000)
 tenured generation   total 10944K, used 5933K [0x09d50000, 0x0a800000, 0x14800000)
   the space 10944K,  54% used [0x09d50000, 0x0a31b740, 0x0a31b800, 0x0a800000)
 Metaspace       used 7439K, capacity 7627K, committed 7680K, reserved 8576K
}
Event: 0.570 GC heap before
{Heap before GC invocations=4 (full 0):
 def new generation   total 4928K, used 2592K [0x04800000, 0x04d50000, 0x09d50000)
  eden space 4416K,  54% used [0x04800000, 0x04a56ea0, 0x04c50000)
  from space 512K,  38% used [0x04c50000, 0x04c812b8, 0x04cd0000)
  to   space 512K,   0% used [0x04cd0000, 0x04cd0000, 0x04d50000)
 tenured generation   total 10944K, used 5933K [0x09d50000, 0x0a800000, 0x14800000)
   the space 10944K,  54% used [0x09d50000, 0x0a31b740, 0x0a31b800, 0x0a800000)
 Metaspace       used 8269K, capacity 8497K, committed 8576K, reserved 8576K
Event: 0.580 GC heap after
Heap after GC invocations=5 (full 1):
 def new generation   total 5184K, used 0K [0x04800000, 0x04d90000, 0x09d50000)
  eden space 4672K,   0% used [0x04800000, 0x04800000, 0x04c90000)
  from space 512K,   0% used [0x04c90000, 0x04c90000, 0x04d10000)
  to   space 512K,   0% used [0x04d10000, 0x04d10000, 0x04d90000)
 tenured generation   total 11332K, used 6797K [0x09d50000, 0x0a861000, 0x14800000)
   the space 11332K,  59% used [0x09d50000, 0x0a3f3490, 0x0a3f3600, 0x0a861000)
 Metaspace       used 8269K, capacity 8497K, committed 8576K, reserved 8576K
}
Event: 1.393 GC heap before
{Heap before GC invocations=5 (full 1):
 def new generation   total 5184K, used 2106K [0x04800000, 0x04d90000, 0x09d50000)
  eden space 4672K,  45% used [0x04800000, 0x04a0e8f8, 0x04c90000)
  from space 512K,   0% used [0x04c90000, 0x04c90000, 0x04d10000)
  to   space 512K,   0% used [0x04d10000, 0x04d10000, 0x04d90000)
 tenured generation   total 21100K, used 16562K [0x09d50000, 0x0b1eb000, 0x14800000)
   the space 21100K,  78% used [0x09d50000, 0x0ad7cb20, 0x0ad7cc00, 0x0b1eb000)
 Metaspace       used 8839K, capacity 9075K, committed 9216K, reserved 9600K
Event: 1.395 GC heap after
Heap after GC invocations=6 (full 1):
 def new generation   total 5184K, used 421K [0x04800000, 0x04d90000, 0x09d50000)
  eden space 4672K,   0% used [0x04800000, 0x04800000, 0x04c90000)
  from space 512K,  82% used [0x04d10000, 0x04d79558, 0x04d90000)
  to   space 512K,   0% used [0x04c90000, 0x04c90000, 0x04d10000)
 tenured generation   total 21100K, used 16562K [0x09d50000, 0x0b1eb000, 0x14800000)
   the space 21100K,  78% used [0x09d50000, 0x0ad7cb20, 0x0ad7cc00, 0x0b1eb000)
 Metaspace       used 8839K, capacity 9075K, committed 9216K, reserved 9600K
}
Event: 4.582 GC heap before
{Heap before GC invocations=6 (full 1):
 def new generation   total 5184K, used 5093K [0x04800000, 0x04d90000, 0x09d50000)
  eden space 4672K, 100% used [0x04800000, 0x04c90000, 0x04c90000)
  from space 512K,  82% used [0x04d10000, 0x04d79558, 0x04d90000)
  to   space 512K,   0% used [0x04c90000, 0x04c90000, 0x04d10000)
 tenured generation   total 21100K, used 16562K [0x09d50000, 0x0b1eb000, 0x14800000)
   the space 21100K,  78% used [0x09d50000, 0x0ad7cb20, 0x0ad7cc00, 0x0b1eb000)
 Metaspace       used 8968K, capacity 9203K, committed 9344K, reserved 9600K
Event: 4.585 GC heap after
Heap after GC invocations=7 (full 1):
 def new generation   total 5184K, used 72K [0x04800000, 0x04d90000, 0x09d50000)
  eden space 4672K,   0% used [0x04800000, 0x04800000, 0x04c90000)
  from space 512K,  14% used [0x04c90000, 0x04ca2260, 0x04d10000)
  to   space 512K,   0% used [0x04d10000, 0x04d10000, 0x04d90000)
 tenured generation   total 21100K, used 20652K [0x09d50000, 0x0b1eb000, 0x14800000)
   the space 21100K,  97% used [0x09d50000, 0x0b17b360, 0x0b17b400, 0x0b1eb000)
 Metaspace       used 8968K, capacity 9203K, committed 9344K, reserved 9600K
}

